13-May-2022 09:44:08.569 信息 [main] org.apache.catalina.startup.VersionLoggerListener.log Server.服务器版本: Apache Tomcat/10.0.16
13-May-2022 09:44:08.603 信息 [main] org.apache.catalina.startup.VersionLoggerListener.log 服务器构建:        Jan 15 2022 13:19:56 UTC
13-May-2022 09:44:08.613 信息 [main] org.apache.catalina.startup.VersionLoggerListener.log 服务器版本号:      10.0.16.0
13-May-2022 09:44:08.622 信息 [main] org.apache.catalina.startup.VersionLoggerListener.log 操作系统名称:      Windows 10
13-May-2022 09:44:08.622 信息 [main] org.apache.catalina.startup.VersionLoggerListener.log OS.版本:           10.0
13-May-2022 09:44:08.625 信息 [main] org.apache.catalina.startup.VersionLoggerListener.log 架构:              amd64
13-May-2022 09:44:08.629 信息 [main] org.apache.catalina.startup.VersionLoggerListener.log Java 环境变量:     C:\Program Files\Java\jdk-14.0.2
13-May-2022 09:44:08.650 信息 [main] org.apache.catalina.startup.VersionLoggerListener.log Java虚拟机版本:    14.0.2+12-46
13-May-2022 09:44:08.653 信息 [main] org.apache.catalina.startup.VersionLoggerListener.log JVM.供应商:        Oracle Corporation
13-May-2022 09:44:08.654 信息 [main] org.apache.catalina.startup.VersionLoggerListener.log CATALINA_BASE:     C:\Users\Doctor Jiang\Desktop\数据可视化\apache-tomcat-10.0.16
13-May-2022 09:44:08.656 信息 [main] org.apache.catalina.startup.VersionLoggerListener.log CATALINA_HOME:     C:\Users\Doctor Jiang\Desktop\数据可视化\apache-tomcat-10.0.16
13-May-2022 09:44:08.669 信息 [main] org.apache.catalina.startup.VersionLoggerListener.log 命令行参数：       --add-opens=java.base/java.lang=ALL-UNNAMED
13-May-2022 09:44:08.683 信息 [main] org.apache.catalina.startup.VersionLoggerListener.log 命令行参数：       --add-opens=java.base/java.io=ALL-UNNAMED
13-May-2022 09:44:08.684 信息 [main] org.apache.catalina.startup.VersionLoggerListener.log 命令行参数：       --add-opens=java.base/java.util=ALL-UNNAMED
13-May-2022 09:44:08.691 信息 [main] org.apache.catalina.startup.VersionLoggerListener.log 命令行参数：       --add-opens=java.base/java.util.concurrent=ALL-UNNAMED
13-May-2022 09:44:08.694 信息 [main] org.apache.catalina.startup.VersionLoggerListener.log 命令行参数：       --add-opens=java.rmi/sun.rmi.transport=ALL-UNNAMED
13-May-2022 09:44:08.695 信息 [main] org.apache.catalina.startup.VersionLoggerListener.log 命令行参数：       -Djava.util.logging.config.file=C:\Users\Doctor Jiang\Desktop\数据可视化\apache-tomcat-10.0.16\conf\logging.properties
13-May-2022 09:44:08.698 信息 [main] org.apache.catalina.startup.VersionLoggerListener.log 命令行参数：       -Djava.util.logging.manager=org.apache.juli.ClassLoaderLogManager
13-May-2022 09:44:08.699 信息 [main] org.apache.catalina.startup.VersionLoggerListener.log 命令行参数：       -Djdk.tls.ephemeralDHKeySize=2048
13-May-2022 09:44:08.700 信息 [main] org.apache.catalina.startup.VersionLoggerListener.log 命令行参数：       -Djava.protocol.handler.pkgs=org.apache.catalina.webresources
13-May-2022 09:44:08.701 信息 [main] org.apache.catalina.startup.VersionLoggerListener.log 命令行参数：       -Dignore.endorsed.dirs=
13-May-2022 09:44:08.703 信息 [main] org.apache.catalina.startup.VersionLoggerListener.log 命令行参数：       -Dcatalina.base=C:\Users\Doctor Jiang\Desktop\数据可视化\apache-tomcat-10.0.16
13-May-2022 09:44:08.704 信息 [main] org.apache.catalina.startup.VersionLoggerListener.log 命令行参数：       -Dcatalina.home=C:\Users\Doctor Jiang\Desktop\数据可视化\apache-tomcat-10.0.16
13-May-2022 09:44:08.710 信息 [main] org.apache.catalina.startup.VersionLoggerListener.log 命令行参数：       -Djava.io.tmpdir=C:\Users\Doctor Jiang\Desktop\数据可视化\apache-tomcat-10.0.16\temp
13-May-2022 09:44:08.746 信息 [main] org.apache.catalina.core.AprLifecycleListener.lifecycleEvent 使用APR版本[1.7.0]加载了基于APR的Apache Tomcat本机库[1.2.31]。
13-May-2022 09:44:08.750 信息 [main] org.apache.catalina.core.AprLifecycleListener.lifecycleEvent APR功能：IPv6[true]、sendfile[true]、accept filters[false]、random[true]、UDS [true]。
13-May-2022 09:44:08.775 信息 [main] org.apache.catalina.core.AprLifecycleListener.initializeSSL OpenSSL成功初始化 [OpenSSL 1.1.1l  24 Aug 2021]
13-May-2022 09:44:09.626 信息 [main] org.apache.coyote.AbstractProtocol.init 初始化协议处理器 ["http-nio-8080"]
13-May-2022 09:44:09.725 信息 [main] org.apache.catalina.startup.Catalina.load 服务器在[1636]毫秒内初始化
13-May-2022 09:44:09.861 信息 [main] org.apache.catalina.core.StandardService.startInternal 正在启动服务[Catalina]
13-May-2022 09:44:09.865 信息 [main] org.apache.catalina.core.StandardEngine.startInternal 正在启动 Servlet 引擎：[Apache Tomcat/10.0.16]
13-May-2022 09:44:09.897 信息 [main] org.apache.catalina.startup.HostConfig.deployDirectory 把web 应用程序部署到目录 [C:\Users\Doctor Jiang\Desktop\数据可视化\apache-tomcat-10.0.16\webapps\CH14TreeVis]
13-May-2022 09:44:10.832 信息 [main] org.apache.jasper.servlet.TldScanner.scanJars 至少有一个JAR被扫描用于TLD但尚未包含TLD。 为此记录器启用调试日志记录，以获取已扫描但未在其中找到TLD的完整JAR列表。 在扫描期间跳过不需要的JAR可以缩短启动时间和JSP编译时间。
13-May-2022 09:44:11.015 信息 [main] org.apache.catalina.startup.HostConfig.deployDirectory Web应用程序目录[C:\Users\Doctor Jiang\Desktop\数据可视化\apache-tomcat-10.0.16\webapps\CH14TreeVis]的部署已在[1,115]毫秒内完成
13-May-2022 09:44:11.024 信息 [main] org.apache.catalina.startup.HostConfig.deployDirectory 把web 应用程序部署到目录 [C:\Users\Doctor Jiang\Desktop\数据可视化\apache-tomcat-10.0.16\webapps\docs]
13-May-2022 09:44:11.503 信息 [main] org.apache.jasper.servlet.TldScanner.scanJars 至少有一个JAR被扫描用于TLD但尚未包含TLD。 为此记录器启用调试日志记录，以获取已扫描但未在其中找到TLD的完整JAR列表。 在扫描期间跳过不需要的JAR可以缩短启动时间和JSP编译时间。
13-May-2022 09:44:11.524 信息 [main] org.apache.catalina.startup.HostConfig.deployDirectory Web应用程序目录[C:\Users\Doctor Jiang\Desktop\数据可视化\apache-tomcat-10.0.16\webapps\docs]的部署已在[500]毫秒内完成
13-May-2022 09:44:11.526 信息 [main] org.apache.catalina.startup.HostConfig.deployDirectory 把web 应用程序部署到目录 [C:\Users\Doctor Jiang\Desktop\数据可视化\apache-tomcat-10.0.16\webapps\examples]
13-May-2022 09:44:13.327 信息 [main] org.apache.jasper.servlet.TldScanner.scanJars 至少有一个JAR被扫描用于TLD但尚未包含TLD。 为此记录器启用调试日志记录，以获取已扫描但未在其中找到TLD的完整JAR列表。 在扫描期间跳过不需要的JAR可以缩短启动时间和JSP编译时间。
13-May-2022 09:44:13.589 信息 [main] org.apache.catalina.startup.HostConfig.deployDirectory Web应用程序目录[C:\Users\Doctor Jiang\Desktop\数据可视化\apache-tomcat-10.0.16\webapps\examples]的部署已在[2,063]毫秒内完成
13-May-2022 09:44:13.599 信息 [main] org.apache.catalina.startup.HostConfig.deployDirectory 把web 应用程序部署到目录 [C:\Users\Doctor Jiang\Desktop\数据可视化\apache-tomcat-10.0.16\webapps\host-manager]
13-May-2022 09:44:14.144 信息 [main] org.apache.jasper.servlet.TldScanner.scanJars 至少有一个JAR被扫描用于TLD但尚未包含TLD。 为此记录器启用调试日志记录，以获取已扫描但未在其中找到TLD的完整JAR列表。 在扫描期间跳过不需要的JAR可以缩短启动时间和JSP编译时间。
13-May-2022 09:44:14.181 信息 [main] org.apache.catalina.startup.HostConfig.deployDirectory Web应用程序目录[C:\Users\Doctor Jiang\Desktop\数据可视化\apache-tomcat-10.0.16\webapps\host-manager]的部署已在[582]毫秒内完成
13-May-2022 09:44:14.184 信息 [main] org.apache.catalina.startup.HostConfig.deployDirectory 把web 应用程序部署到目录 [C:\Users\Doctor Jiang\Desktop\数据可视化\apache-tomcat-10.0.16\webapps\htmlfile]
13-May-2022 09:44:14.634 信息 [main] org.apache.jasper.servlet.TldScanner.scanJars 至少有一个JAR被扫描用于TLD但尚未包含TLD。 为此记录器启用调试日志记录，以获取已扫描但未在其中找到TLD的完整JAR列表。 在扫描期间跳过不需要的JAR可以缩短启动时间和JSP编译时间。
13-May-2022 09:44:14.655 信息 [main] org.apache.catalina.startup.HostConfig.deployDirectory Web应用程序目录[C:\Users\Doctor Jiang\Desktop\数据可视化\apache-tomcat-10.0.16\webapps\htmlfile]的部署已在[472]毫秒内完成
13-May-2022 09:44:14.657 信息 [main] org.apache.catalina.startup.HostConfig.deployDirectory 把web 应用程序部署到目录 [C:\Users\Doctor Jiang\Desktop\数据可视化\apache-tomcat-10.0.16\webapps\manager]
13-May-2022 09:44:15.140 信息 [main] org.apache.jasper.servlet.TldScanner.scanJars 至少有一个JAR被扫描用于TLD但尚未包含TLD。 为此记录器启用调试日志记录，以获取已扫描但未在其中找到TLD的完整JAR列表。 在扫描期间跳过不需要的JAR可以缩短启动时间和JSP编译时间。
13-May-2022 09:44:15.160 信息 [main] org.apache.catalina.startup.HostConfig.deployDirectory Web应用程序目录[C:\Users\Doctor Jiang\Desktop\数据可视化\apache-tomcat-10.0.16\webapps\manager]的部署已在[503]毫秒内完成
13-May-2022 09:44:15.162 信息 [main] org.apache.catalina.startup.HostConfig.deployDirectory 把web 应用程序部署到目录 [C:\Users\Doctor Jiang\Desktop\数据可视化\apache-tomcat-10.0.16\webapps\ROOT]
13-May-2022 09:44:15.630 信息 [main] org.apache.jasper.servlet.TldScanner.scanJars 至少有一个JAR被扫描用于TLD但尚未包含TLD。 为此记录器启用调试日志记录，以获取已扫描但未在其中找到TLD的完整JAR列表。 在扫描期间跳过不需要的JAR可以缩短启动时间和JSP编译时间。
13-May-2022 09:44:15.654 信息 [main] org.apache.catalina.startup.HostConfig.deployDirectory Web应用程序目录[C:\Users\Doctor Jiang\Desktop\数据可视化\apache-tomcat-10.0.16\webapps\ROOT]的部署已在[493]毫秒内完成
13-May-2022 09:44:15.665 信息 [main] org.apache.coyote.AbstractProtocol.start 开始协议处理句柄["http-nio-8080"]
13-May-2022 09:44:15.776 信息 [main] org.apache.catalina.startup.Catalina.start [6034]毫秒后服务器启动
13-May-2022 09:58:11.216 信息 [Catalina-utility-2] org.apache.catalina.startup.HostConfig.undeploy 正在取消部署上下文[/CH14TreeVis]
13-May-2022 15:41:26.435 信息 [main] org.apache.catalina.startup.VersionLoggerListener.log Server.服务器版本: Apache Tomcat/10.0.16
13-May-2022 15:41:26.482 信息 [main] org.apache.catalina.startup.VersionLoggerListener.log 服务器构建:        Jan 15 2022 13:19:56 UTC
13-May-2022 15:41:26.484 信息 [main] org.apache.catalina.startup.VersionLoggerListener.log 服务器版本号:      10.0.16.0
13-May-2022 15:41:26.493 信息 [main] org.apache.catalina.startup.VersionLoggerListener.log 操作系统名称:      Windows 10
13-May-2022 15:41:26.493 信息 [main] org.apache.catalina.startup.VersionLoggerListener.log OS.版本:           10.0
13-May-2022 15:41:26.494 信息 [main] org.apache.catalina.startup.VersionLoggerListener.log 架构:              amd64
13-May-2022 15:41:26.494 信息 [main] org.apache.catalina.startup.VersionLoggerListener.log Java 环境变量:     C:\Program Files\Java\jdk-14.0.2
13-May-2022 15:41:26.494 信息 [main] org.apache.catalina.startup.VersionLoggerListener.log Java虚拟机版本:    14.0.2+12-46
13-May-2022 15:41:26.494 信息 [main] org.apache.catalina.startup.VersionLoggerListener.log JVM.供应商:        Oracle Corporation
13-May-2022 15:41:26.495 信息 [main] org.apache.catalina.startup.VersionLoggerListener.log CATALINA_BASE:     C:\Users\Doctor Jiang\Desktop\数据可视化\apache-tomcat-10.0.16
13-May-2022 15:41:26.495 信息 [main] org.apache.catalina.startup.VersionLoggerListener.log CATALINA_HOME:     C:\Users\Doctor Jiang\Desktop\数据可视化\apache-tomcat-10.0.16
13-May-2022 15:41:26.496 信息 [main] org.apache.catalina.startup.VersionLoggerListener.log 命令行参数：       --add-opens=java.base/java.lang=ALL-UNNAMED
13-May-2022 15:41:26.496 信息 [main] org.apache.catalina.startup.VersionLoggerListener.log 命令行参数：       --add-opens=java.base/java.io=ALL-UNNAMED
13-May-2022 15:41:26.496 信息 [main] org.apache.catalina.startup.VersionLoggerListener.log 命令行参数：       --add-opens=java.base/java.util=ALL-UNNAMED
13-May-2022 15:41:26.497 信息 [main] org.apache.catalina.startup.VersionLoggerListener.log 命令行参数：       --add-opens=java.base/java.util.concurrent=ALL-UNNAMED
13-May-2022 15:41:26.498 信息 [main] org.apache.catalina.startup.VersionLoggerListener.log 命令行参数：       --add-opens=java.rmi/sun.rmi.transport=ALL-UNNAMED
13-May-2022 15:41:26.498 信息 [main] org.apache.catalina.startup.VersionLoggerListener.log 命令行参数：       -Djava.util.logging.config.file=C:\Users\Doctor Jiang\Desktop\数据可视化\apache-tomcat-10.0.16\conf\logging.properties
13-May-2022 15:41:26.499 信息 [main] org.apache.catalina.startup.VersionLoggerListener.log 命令行参数：       -Djava.util.logging.manager=org.apache.juli.ClassLoaderLogManager
13-May-2022 15:41:26.499 信息 [main] org.apache.catalina.startup.VersionLoggerListener.log 命令行参数：       -Djdk.tls.ephemeralDHKeySize=2048
13-May-2022 15:41:26.500 信息 [main] org.apache.catalina.startup.VersionLoggerListener.log 命令行参数：       -Djava.protocol.handler.pkgs=org.apache.catalina.webresources
13-May-2022 15:41:26.501 信息 [main] org.apache.catalina.startup.VersionLoggerListener.log 命令行参数：       -Dignore.endorsed.dirs=
13-May-2022 15:41:26.501 信息 [main] org.apache.catalina.startup.VersionLoggerListener.log 命令行参数：       -Dcatalina.base=C:\Users\Doctor Jiang\Desktop\数据可视化\apache-tomcat-10.0.16
13-May-2022 15:41:26.502 信息 [main] org.apache.catalina.startup.VersionLoggerListener.log 命令行参数：       -Dcatalina.home=C:\Users\Doctor Jiang\Desktop\数据可视化\apache-tomcat-10.0.16
13-May-2022 15:41:26.503 信息 [main] org.apache.catalina.startup.VersionLoggerListener.log 命令行参数：       -Djava.io.tmpdir=C:\Users\Doctor Jiang\Desktop\数据可视化\apache-tomcat-10.0.16\temp
13-May-2022 15:41:26.518 信息 [main] org.apache.catalina.core.AprLifecycleListener.lifecycleEvent 使用APR版本[1.7.0]加载了基于APR的Apache Tomcat本机库[1.2.31]。
13-May-2022 15:41:26.543 信息 [main] org.apache.catalina.core.AprLifecycleListener.lifecycleEvent APR功能：IPv6[true]、sendfile[true]、accept filters[false]、random[true]、UDS [true]。
13-May-2022 15:41:26.603 信息 [main] org.apache.catalina.core.AprLifecycleListener.initializeSSL OpenSSL成功初始化 [OpenSSL 1.1.1l  24 Aug 2021]
13-May-2022 15:41:27.132 信息 [main] org.apache.coyote.AbstractProtocol.init 初始化协议处理器 ["http-nio-8080"]
13-May-2022 15:41:27.196 信息 [main] org.apache.catalina.startup.Catalina.load 服务器在[1164]毫秒内初始化
13-May-2022 15:41:27.284 信息 [main] org.apache.catalina.core.StandardService.startInternal 正在启动服务[Catalina]
13-May-2022 15:41:27.285 信息 [main] org.apache.catalina.core.StandardEngine.startInternal 正在启动 Servlet 引擎：[Apache Tomcat/10.0.16]
13-May-2022 15:41:27.309 信息 [main] org.apache.catalina.startup.HostConfig.deployDirectory 把web 应用程序部署到目录 [C:\Users\Doctor Jiang\Desktop\数据可视化\apache-tomcat-10.0.16\webapps\docs]
13-May-2022 15:41:28.364 信息 [main] org.apache.jasper.servlet.TldScanner.scanJars 至少有一个JAR被扫描用于TLD但尚未包含TLD。 为此记录器启用调试日志记录，以获取已扫描但未在其中找到TLD的完整JAR列表。 在扫描期间跳过不需要的JAR可以缩短启动时间和JSP编译时间。
13-May-2022 15:41:28.601 信息 [main] org.apache.catalina.startup.HostConfig.deployDirectory Web应用程序目录[C:\Users\Doctor Jiang\Desktop\数据可视化\apache-tomcat-10.0.16\webapps\docs]的部署已在[1,286]毫秒内完成
13-May-2022 15:41:28.613 信息 [main] org.apache.catalina.startup.HostConfig.deployDirectory 把web 应用程序部署到目录 [C:\Users\Doctor Jiang\Desktop\数据可视化\apache-tomcat-10.0.16\webapps\examples]
13-May-2022 15:41:30.809 信息 [main] org.apache.jasper.servlet.TldScanner.scanJars 至少有一个JAR被扫描用于TLD但尚未包含TLD。 为此记录器启用调试日志记录，以获取已扫描但未在其中找到TLD的完整JAR列表。 在扫描期间跳过不需要的JAR可以缩短启动时间和JSP编译时间。
13-May-2022 15:41:31.091 信息 [main] org.apache.catalina.startup.HostConfig.deployDirectory Web应用程序目录[C:\Users\Doctor Jiang\Desktop\数据可视化\apache-tomcat-10.0.16\webapps\examples]的部署已在[2,477]毫秒内完成
13-May-2022 15:41:31.103 信息 [main] org.apache.catalina.startup.HostConfig.deployDirectory 把web 应用程序部署到目录 [C:\Users\Doctor Jiang\Desktop\数据可视化\apache-tomcat-10.0.16\webapps\host-manager]
13-May-2022 15:41:31.627 信息 [main] org.apache.jasper.servlet.TldScanner.scanJars 至少有一个JAR被扫描用于TLD但尚未包含TLD。 为此记录器启用调试日志记录，以获取已扫描但未在其中找到TLD的完整JAR列表。 在扫描期间跳过不需要的JAR可以缩短启动时间和JSP编译时间。
13-May-2022 15:41:31.656 信息 [main] org.apache.catalina.startup.HostConfig.deployDirectory Web应用程序目录[C:\Users\Doctor Jiang\Desktop\数据可视化\apache-tomcat-10.0.16\webapps\host-manager]的部署已在[552]毫秒内完成
13-May-2022 15:41:31.657 信息 [main] org.apache.catalina.startup.HostConfig.deployDirectory 把web 应用程序部署到目录 [C:\Users\Doctor Jiang\Desktop\数据可视化\apache-tomcat-10.0.16\webapps\htmlfile]
13-May-2022 15:41:31.987 信息 [main] org.apache.jasper.servlet.TldScanner.scanJars 至少有一个JAR被扫描用于TLD但尚未包含TLD。 为此记录器启用调试日志记录，以获取已扫描但未在其中找到TLD的完整JAR列表。 在扫描期间跳过不需要的JAR可以缩短启动时间和JSP编译时间。
13-May-2022 15:41:32.021 信息 [main] org.apache.catalina.startup.HostConfig.deployDirectory Web应用程序目录[C:\Users\Doctor Jiang\Desktop\数据可视化\apache-tomcat-10.0.16\webapps\htmlfile]的部署已在[364]毫秒内完成
13-May-2022 15:41:32.022 信息 [main] org.apache.catalina.startup.HostConfig.deployDirectory 把web 应用程序部署到目录 [C:\Users\Doctor Jiang\Desktop\数据可视化\apache-tomcat-10.0.16\webapps\manager]
13-May-2022 15:41:32.449 信息 [main] org.apache.jasper.servlet.TldScanner.scanJars 至少有一个JAR被扫描用于TLD但尚未包含TLD。 为此记录器启用调试日志记录，以获取已扫描但未在其中找到TLD的完整JAR列表。 在扫描期间跳过不需要的JAR可以缩短启动时间和JSP编译时间。
13-May-2022 15:41:32.470 信息 [main] org.apache.catalina.startup.HostConfig.deployDirectory Web应用程序目录[C:\Users\Doctor Jiang\Desktop\数据可视化\apache-tomcat-10.0.16\webapps\manager]的部署已在[448]毫秒内完成
13-May-2022 15:41:32.471 信息 [main] org.apache.catalina.startup.HostConfig.deployDirectory 把web 应用程序部署到目录 [C:\Users\Doctor Jiang\Desktop\数据可视化\apache-tomcat-10.0.16\webapps\ROOT]
13-May-2022 15:41:32.842 信息 [main] org.apache.jasper.servlet.TldScanner.scanJars 至少有一个JAR被扫描用于TLD但尚未包含TLD。 为此记录器启用调试日志记录，以获取已扫描但未在其中找到TLD的完整JAR列表。 在扫描期间跳过不需要的JAR可以缩短启动时间和JSP编译时间。
13-May-2022 15:41:32.865 信息 [main] org.apache.catalina.startup.HostConfig.deployDirectory Web应用程序目录[C:\Users\Doctor Jiang\Desktop\数据可视化\apache-tomcat-10.0.16\webapps\ROOT]的部署已在[394]毫秒内完成
13-May-2022 15:41:32.872 信息 [main] org.apache.coyote.AbstractProtocol.start 开始协议处理句柄["http-nio-8080"]
13-May-2022 15:41:32.948 信息 [main] org.apache.catalina.startup.Catalina.start [5750]毫秒后服务器启动
