14-Jun-2022 12:14:13.559 信息 [main] org.apache.catalina.startup.VersionLoggerListener.log Server.服务器版本: Apache Tomcat/10.0.16
14-Jun-2022 12:14:13.570 信息 [main] org.apache.catalina.startup.VersionLoggerListener.log 服务器构建:        Jan 15 2022 13:19:56 UTC
14-Jun-2022 12:14:13.570 信息 [main] org.apache.catalina.startup.VersionLoggerListener.log 服务器版本号:      10.0.16.0
14-Jun-2022 12:14:13.572 信息 [main] org.apache.catalina.startup.VersionLoggerListener.log 操作系统名称:      Windows 10
14-Jun-2022 12:14:13.573 信息 [main] org.apache.catalina.startup.VersionLoggerListener.log OS.版本:           10.0
14-Jun-2022 12:14:13.573 信息 [main] org.apache.catalina.startup.VersionLoggerListener.log 架构:              amd64
14-Jun-2022 12:14:13.574 信息 [main] org.apache.catalina.startup.VersionLoggerListener.log Java 环境变量:     C:\Program Files\Java\jdk-14.0.2
14-Jun-2022 12:14:13.574 信息 [main] org.apache.catalina.startup.VersionLoggerListener.log Java虚拟机版本:    14.0.2+12-46
14-Jun-2022 12:14:13.574 信息 [main] org.apache.catalina.startup.VersionLoggerListener.log JVM.供应商:        Oracle Corporation
14-Jun-2022 12:14:13.574 信息 [main] org.apache.catalina.startup.VersionLoggerListener.log CATALINA_BASE:     C:\Users\Doctor Jiang\Desktop\数据可视化\apache-tomcat-10.0.16
14-Jun-2022 12:14:13.575 信息 [main] org.apache.catalina.startup.VersionLoggerListener.log CATALINA_HOME:     C:\Users\Doctor Jiang\Desktop\数据可视化\apache-tomcat-10.0.16
14-Jun-2022 12:14:13.588 信息 [main] org.apache.catalina.startup.VersionLoggerListener.log 命令行参数：       --add-opens=java.base/java.lang=ALL-UNNAMED
14-Jun-2022 12:14:13.588 信息 [main] org.apache.catalina.startup.VersionLoggerListener.log 命令行参数：       --add-opens=java.base/java.io=ALL-UNNAMED
14-Jun-2022 12:14:13.589 信息 [main] org.apache.catalina.startup.VersionLoggerListener.log 命令行参数：       --add-opens=java.base/java.util=ALL-UNNAMED
14-Jun-2022 12:14:13.589 信息 [main] org.apache.catalina.startup.VersionLoggerListener.log 命令行参数：       --add-opens=java.base/java.util.concurrent=ALL-UNNAMED
14-Jun-2022 12:14:13.590 信息 [main] org.apache.catalina.startup.VersionLoggerListener.log 命令行参数：       --add-opens=java.rmi/sun.rmi.transport=ALL-UNNAMED
14-Jun-2022 12:14:13.590 信息 [main] org.apache.catalina.startup.VersionLoggerListener.log 命令行参数：       -Djava.util.logging.config.file=C:\Users\Doctor Jiang\Desktop\数据可视化\apache-tomcat-10.0.16\conf\logging.properties
14-Jun-2022 12:14:13.591 信息 [main] org.apache.catalina.startup.VersionLoggerListener.log 命令行参数：       -Djava.util.logging.manager=org.apache.juli.ClassLoaderLogManager
14-Jun-2022 12:14:13.591 信息 [main] org.apache.catalina.startup.VersionLoggerListener.log 命令行参数：       -Djdk.tls.ephemeralDHKeySize=2048
14-Jun-2022 12:14:13.592 信息 [main] org.apache.catalina.startup.VersionLoggerListener.log 命令行参数：       -Djava.protocol.handler.pkgs=org.apache.catalina.webresources
14-Jun-2022 12:14:13.592 信息 [main] org.apache.catalina.startup.VersionLoggerListener.log 命令行参数：       -Dignore.endorsed.dirs=
14-Jun-2022 12:14:13.593 信息 [main] org.apache.catalina.startup.VersionLoggerListener.log 命令行参数：       -Dcatalina.base=C:\Users\Doctor Jiang\Desktop\数据可视化\apache-tomcat-10.0.16
14-Jun-2022 12:14:13.609 信息 [main] org.apache.catalina.startup.VersionLoggerListener.log 命令行参数：       -Dcatalina.home=C:\Users\Doctor Jiang\Desktop\数据可视化\apache-tomcat-10.0.16
14-Jun-2022 12:14:13.611 信息 [main] org.apache.catalina.startup.VersionLoggerListener.log 命令行参数：       -Djava.io.tmpdir=C:\Users\Doctor Jiang\Desktop\数据可视化\apache-tomcat-10.0.16\temp
14-Jun-2022 12:14:13.622 信息 [main] org.apache.catalina.core.AprLifecycleListener.lifecycleEvent 使用APR版本[1.7.0]加载了基于APR的Apache Tomcat本机库[1.2.31]。
14-Jun-2022 12:14:13.623 信息 [main] org.apache.catalina.core.AprLifecycleListener.lifecycleEvent APR功能：IPv6[true]、sendfile[true]、accept filters[false]、random[true]、UDS [true]。
14-Jun-2022 12:14:13.642 信息 [main] org.apache.catalina.core.AprLifecycleListener.initializeSSL OpenSSL成功初始化 [OpenSSL 1.1.1l  24 Aug 2021]
14-Jun-2022 12:14:14.120 信息 [main] org.apache.coyote.AbstractProtocol.init 初始化协议处理器 ["http-nio-8080"]
14-Jun-2022 12:14:14.167 信息 [main] org.apache.catalina.startup.Catalina.load 服务器在[941]毫秒内初始化
14-Jun-2022 12:14:14.284 信息 [main] org.apache.catalina.core.StandardService.startInternal 正在启动服务[Catalina]
14-Jun-2022 12:14:14.311 信息 [main] org.apache.catalina.core.StandardEngine.startInternal 正在启动 Servlet 引擎：[Apache Tomcat/10.0.16]
14-Jun-2022 12:14:14.408 信息 [main] org.apache.catalina.startup.HostConfig.deployDirectory 把web 应用程序部署到目录 [C:\Users\Doctor Jiang\Desktop\数据可视化\apache-tomcat-10.0.16\webapps\docs]
14-Jun-2022 12:14:15.452 信息 [main] org.apache.jasper.servlet.TldScanner.scanJars 至少有一个JAR被扫描用于TLD但尚未包含TLD。 为此记录器启用调试日志记录，以获取已扫描但未在其中找到TLD的完整JAR列表。 在扫描期间跳过不需要的JAR可以缩短启动时间和JSP编译时间。
14-Jun-2022 12:14:15.645 信息 [main] org.apache.catalina.startup.HostConfig.deployDirectory Web应用程序目录[C:\Users\Doctor Jiang\Desktop\数据可视化\apache-tomcat-10.0.16\webapps\docs]的部署已在[1,233]毫秒内完成
14-Jun-2022 12:14:15.655 信息 [main] org.apache.catalina.startup.HostConfig.deployDirectory 把web 应用程序部署到目录 [C:\Users\Doctor Jiang\Desktop\数据可视化\apache-tomcat-10.0.16\webapps\examples]
14-Jun-2022 12:14:17.868 信息 [main] org.apache.jasper.servlet.TldScanner.scanJars 至少有一个JAR被扫描用于TLD但尚未包含TLD。 为此记录器启用调试日志记录，以获取已扫描但未在其中找到TLD的完整JAR列表。 在扫描期间跳过不需要的JAR可以缩短启动时间和JSP编译时间。
14-Jun-2022 12:14:18.048 信息 [main] org.apache.catalina.startup.HostConfig.deployDirectory Web应用程序目录[C:\Users\Doctor Jiang\Desktop\数据可视化\apache-tomcat-10.0.16\webapps\examples]的部署已在[2,394]毫秒内完成
14-Jun-2022 12:14:18.059 信息 [main] org.apache.catalina.startup.HostConfig.deployDirectory 把web 应用程序部署到目录 [C:\Users\Doctor Jiang\Desktop\数据可视化\apache-tomcat-10.0.16\webapps\host-manager]
14-Jun-2022 12:14:18.555 信息 [main] org.apache.jasper.servlet.TldScanner.scanJars 至少有一个JAR被扫描用于TLD但尚未包含TLD。 为此记录器启用调试日志记录，以获取已扫描但未在其中找到TLD的完整JAR列表。 在扫描期间跳过不需要的JAR可以缩短启动时间和JSP编译时间。
14-Jun-2022 12:14:18.589 信息 [main] org.apache.catalina.startup.HostConfig.deployDirectory Web应用程序目录[C:\Users\Doctor Jiang\Desktop\数据可视化\apache-tomcat-10.0.16\webapps\host-manager]的部署已在[529]毫秒内完成
14-Jun-2022 12:14:18.595 信息 [main] org.apache.catalina.startup.HostConfig.deployDirectory 把web 应用程序部署到目录 [C:\Users\Doctor Jiang\Desktop\数据可视化\apache-tomcat-10.0.16\webapps\htmlfile]
14-Jun-2022 12:14:18.996 信息 [main] org.apache.jasper.servlet.TldScanner.scanJars 至少有一个JAR被扫描用于TLD但尚未包含TLD。 为此记录器启用调试日志记录，以获取已扫描但未在其中找到TLD的完整JAR列表。 在扫描期间跳过不需要的JAR可以缩短启动时间和JSP编译时间。
14-Jun-2022 12:14:19.035 信息 [main] org.apache.catalina.startup.HostConfig.deployDirectory Web应用程序目录[C:\Users\Doctor Jiang\Desktop\数据可视化\apache-tomcat-10.0.16\webapps\htmlfile]的部署已在[440]毫秒内完成
14-Jun-2022 12:14:19.044 信息 [main] org.apache.catalina.startup.HostConfig.deployDirectory 把web 应用程序部署到目录 [C:\Users\Doctor Jiang\Desktop\数据可视化\apache-tomcat-10.0.16\webapps\manager]
14-Jun-2022 12:14:19.563 信息 [main] org.apache.jasper.servlet.TldScanner.scanJars 至少有一个JAR被扫描用于TLD但尚未包含TLD。 为此记录器启用调试日志记录，以获取已扫描但未在其中找到TLD的完整JAR列表。 在扫描期间跳过不需要的JAR可以缩短启动时间和JSP编译时间。
14-Jun-2022 12:14:19.589 信息 [main] org.apache.catalina.startup.HostConfig.deployDirectory Web应用程序目录[C:\Users\Doctor Jiang\Desktop\数据可视化\apache-tomcat-10.0.16\webapps\manager]的部署已在[545]毫秒内完成
14-Jun-2022 12:14:19.590 信息 [main] org.apache.catalina.startup.HostConfig.deployDirectory 把web 应用程序部署到目录 [C:\Users\Doctor Jiang\Desktop\数据可视化\apache-tomcat-10.0.16\webapps\ROOT]
14-Jun-2022 12:14:20.090 信息 [main] org.apache.jasper.servlet.TldScanner.scanJars 至少有一个JAR被扫描用于TLD但尚未包含TLD。 为此记录器启用调试日志记录，以获取已扫描但未在其中找到TLD的完整JAR列表。 在扫描期间跳过不需要的JAR可以缩短启动时间和JSP编译时间。
14-Jun-2022 12:14:20.113 信息 [main] org.apache.catalina.startup.HostConfig.deployDirectory Web应用程序目录[C:\Users\Doctor Jiang\Desktop\数据可视化\apache-tomcat-10.0.16\webapps\ROOT]的部署已在[522]毫秒内完成
14-Jun-2022 12:14:20.118 信息 [main] org.apache.coyote.AbstractProtocol.start 开始协议处理句柄["http-nio-8080"]
14-Jun-2022 12:14:20.187 信息 [main] org.apache.catalina.startup.Catalina.start [6019]毫秒后服务器启动
14-Jun-2022 23:55:00.586 信息 [main] org.apache.catalina.startup.VersionLoggerListener.log Server.服务器版本: Apache Tomcat/10.0.16
14-Jun-2022 23:55:00.644 信息 [main] org.apache.catalina.startup.VersionLoggerListener.log 服务器构建:        Jan 15 2022 13:19:56 UTC
14-Jun-2022 23:55:00.657 信息 [main] org.apache.catalina.startup.VersionLoggerListener.log 服务器版本号:      10.0.16.0
14-Jun-2022 23:55:00.669 信息 [main] org.apache.catalina.startup.VersionLoggerListener.log 操作系统名称:      Windows 10
14-Jun-2022 23:55:00.671 信息 [main] org.apache.catalina.startup.VersionLoggerListener.log OS.版本:           10.0
14-Jun-2022 23:55:00.671 信息 [main] org.apache.catalina.startup.VersionLoggerListener.log 架构:              amd64
14-Jun-2022 23:55:00.672 信息 [main] org.apache.catalina.startup.VersionLoggerListener.log Java 环境变量:     C:\Program Files\Java\jdk-14.0.2
14-Jun-2022 23:55:00.673 信息 [main] org.apache.catalina.startup.VersionLoggerListener.log Java虚拟机版本:    14.0.2+12-46
14-Jun-2022 23:55:00.674 信息 [main] org.apache.catalina.startup.VersionLoggerListener.log JVM.供应商:        Oracle Corporation
14-Jun-2022 23:55:00.674 信息 [main] org.apache.catalina.startup.VersionLoggerListener.log CATALINA_BASE:     C:\Users\Doctor Jiang\Desktop\数据可视化\apache-tomcat-10.0.16
14-Jun-2022 23:55:00.676 信息 [main] org.apache.catalina.startup.VersionLoggerListener.log CATALINA_HOME:     C:\Users\Doctor Jiang\Desktop\数据可视化\apache-tomcat-10.0.16
14-Jun-2022 23:55:00.678 信息 [main] org.apache.catalina.startup.VersionLoggerListener.log 命令行参数：       --add-opens=java.base/java.lang=ALL-UNNAMED
14-Jun-2022 23:55:00.678 信息 [main] org.apache.catalina.startup.VersionLoggerListener.log 命令行参数：       --add-opens=java.base/java.io=ALL-UNNAMED
14-Jun-2022 23:55:00.679 信息 [main] org.apache.catalina.startup.VersionLoggerListener.log 命令行参数：       --add-opens=java.base/java.util=ALL-UNNAMED
14-Jun-2022 23:55:00.681 信息 [main] org.apache.catalina.startup.VersionLoggerListener.log 命令行参数：       --add-opens=java.base/java.util.concurrent=ALL-UNNAMED
14-Jun-2022 23:55:00.681 信息 [main] org.apache.catalina.startup.VersionLoggerListener.log 命令行参数：       --add-opens=java.rmi/sun.rmi.transport=ALL-UNNAMED
14-Jun-2022 23:55:00.682 信息 [main] org.apache.catalina.startup.VersionLoggerListener.log 命令行参数：       -Djava.util.logging.config.file=C:\Users\Doctor Jiang\Desktop\数据可视化\apache-tomcat-10.0.16\conf\logging.properties
14-Jun-2022 23:55:00.683 信息 [main] org.apache.catalina.startup.VersionLoggerListener.log 命令行参数：       -Djava.util.logging.manager=org.apache.juli.ClassLoaderLogManager
14-Jun-2022 23:55:00.685 信息 [main] org.apache.catalina.startup.VersionLoggerListener.log 命令行参数：       -Djdk.tls.ephemeralDHKeySize=2048
14-Jun-2022 23:55:00.686 信息 [main] org.apache.catalina.startup.VersionLoggerListener.log 命令行参数：       -Djava.protocol.handler.pkgs=org.apache.catalina.webresources
14-Jun-2022 23:55:00.687 信息 [main] org.apache.catalina.startup.VersionLoggerListener.log 命令行参数：       -Dignore.endorsed.dirs=
14-Jun-2022 23:55:00.687 信息 [main] org.apache.catalina.startup.VersionLoggerListener.log 命令行参数：       -Dcatalina.base=C:\Users\Doctor Jiang\Desktop\数据可视化\apache-tomcat-10.0.16
14-Jun-2022 23:55:00.688 信息 [main] org.apache.catalina.startup.VersionLoggerListener.log 命令行参数：       -Dcatalina.home=C:\Users\Doctor Jiang\Desktop\数据可视化\apache-tomcat-10.0.16
14-Jun-2022 23:55:00.688 信息 [main] org.apache.catalina.startup.VersionLoggerListener.log 命令行参数：       -Djava.io.tmpdir=C:\Users\Doctor Jiang\Desktop\数据可视化\apache-tomcat-10.0.16\temp
14-Jun-2022 23:55:00.710 信息 [main] org.apache.catalina.core.AprLifecycleListener.lifecycleEvent 使用APR版本[1.7.0]加载了基于APR的Apache Tomcat本机库[1.2.31]。
14-Jun-2022 23:55:00.728 信息 [main] org.apache.catalina.core.AprLifecycleListener.lifecycleEvent APR功能：IPv6[true]、sendfile[true]、accept filters[false]、random[true]、UDS [true]。
14-Jun-2022 23:55:00.755 信息 [main] org.apache.catalina.core.AprLifecycleListener.initializeSSL OpenSSL成功初始化 [OpenSSL 1.1.1l  24 Aug 2021]
14-Jun-2022 23:55:01.446 信息 [main] org.apache.coyote.AbstractProtocol.init 初始化协议处理器 ["http-nio-8080"]
14-Jun-2022 23:55:01.523 信息 [main] org.apache.catalina.startup.Catalina.load 服务器在[1426]毫秒内初始化
14-Jun-2022 23:55:01.619 信息 [main] org.apache.catalina.core.StandardService.startInternal 正在启动服务[Catalina]
14-Jun-2022 23:55:01.626 信息 [main] org.apache.catalina.core.StandardEngine.startInternal 正在启动 Servlet 引擎：[Apache Tomcat/10.0.16]
14-Jun-2022 23:55:01.663 信息 [main] org.apache.catalina.startup.HostConfig.deployDirectory 把web 应用程序部署到目录 [C:\Users\Doctor Jiang\Desktop\数据可视化\apache-tomcat-10.0.16\webapps\docs]
14-Jun-2022 23:55:02.985 信息 [main] org.apache.jasper.servlet.TldScanner.scanJars 至少有一个JAR被扫描用于TLD但尚未包含TLD。 为此记录器启用调试日志记录，以获取已扫描但未在其中找到TLD的完整JAR列表。 在扫描期间跳过不需要的JAR可以缩短启动时间和JSP编译时间。
14-Jun-2022 23:55:03.349 警告 [main] org.apache.catalina.util.SessionIdGeneratorBase.createSecureRandom 使用[SHA1PRNG]创建会话ID生成的SecureRandom实例花费了[191]毫秒。
14-Jun-2022 23:55:03.427 信息 [main] org.apache.catalina.startup.HostConfig.deployDirectory Web应用程序目录[C:\Users\Doctor Jiang\Desktop\数据可视化\apache-tomcat-10.0.16\webapps\docs]的部署已在[1,764]毫秒内完成
14-Jun-2022 23:55:03.456 信息 [main] org.apache.catalina.startup.HostConfig.deployDirectory 把web 应用程序部署到目录 [C:\Users\Doctor Jiang\Desktop\数据可视化\apache-tomcat-10.0.16\webapps\examples]
14-Jun-2022 23:55:06.181 信息 [main] org.apache.jasper.servlet.TldScanner.scanJars 至少有一个JAR被扫描用于TLD但尚未包含TLD。 为此记录器启用调试日志记录，以获取已扫描但未在其中找到TLD的完整JAR列表。 在扫描期间跳过不需要的JAR可以缩短启动时间和JSP编译时间。
14-Jun-2022 23:55:06.418 信息 [main] org.apache.catalina.startup.HostConfig.deployDirectory Web应用程序目录[C:\Users\Doctor Jiang\Desktop\数据可视化\apache-tomcat-10.0.16\webapps\examples]的部署已在[2,963]毫秒内完成
14-Jun-2022 23:55:06.430 信息 [main] org.apache.catalina.startup.HostConfig.deployDirectory 把web 应用程序部署到目录 [C:\Users\Doctor Jiang\Desktop\数据可视化\apache-tomcat-10.0.16\webapps\host-manager]
14-Jun-2022 23:55:06.939 信息 [main] org.apache.jasper.servlet.TldScanner.scanJars 至少有一个JAR被扫描用于TLD但尚未包含TLD。 为此记录器启用调试日志记录，以获取已扫描但未在其中找到TLD的完整JAR列表。 在扫描期间跳过不需要的JAR可以缩短启动时间和JSP编译时间。
14-Jun-2022 23:55:06.970 信息 [main] org.apache.catalina.startup.HostConfig.deployDirectory Web应用程序目录[C:\Users\Doctor Jiang\Desktop\数据可视化\apache-tomcat-10.0.16\webapps\host-manager]的部署已在[541]毫秒内完成
14-Jun-2022 23:55:06.971 信息 [main] org.apache.catalina.startup.HostConfig.deployDirectory 把web 应用程序部署到目录 [C:\Users\Doctor Jiang\Desktop\数据可视化\apache-tomcat-10.0.16\webapps\htmlfile]
14-Jun-2022 23:55:07.314 信息 [main] org.apache.jasper.servlet.TldScanner.scanJars 至少有一个JAR被扫描用于TLD但尚未包含TLD。 为此记录器启用调试日志记录，以获取已扫描但未在其中找到TLD的完整JAR列表。 在扫描期间跳过不需要的JAR可以缩短启动时间和JSP编译时间。
14-Jun-2022 23:55:07.341 信息 [main] org.apache.catalina.startup.HostConfig.deployDirectory Web应用程序目录[C:\Users\Doctor Jiang\Desktop\数据可视化\apache-tomcat-10.0.16\webapps\htmlfile]的部署已在[370]毫秒内完成
14-Jun-2022 23:55:07.350 信息 [main] org.apache.catalina.startup.HostConfig.deployDirectory 把web 应用程序部署到目录 [C:\Users\Doctor Jiang\Desktop\数据可视化\apache-tomcat-10.0.16\webapps\manager]
14-Jun-2022 23:55:07.853 信息 [main] org.apache.jasper.servlet.TldScanner.scanJars 至少有一个JAR被扫描用于TLD但尚未包含TLD。 为此记录器启用调试日志记录，以获取已扫描但未在其中找到TLD的完整JAR列表。 在扫描期间跳过不需要的JAR可以缩短启动时间和JSP编译时间。
14-Jun-2022 23:55:07.876 信息 [main] org.apache.catalina.startup.HostConfig.deployDirectory Web应用程序目录[C:\Users\Doctor Jiang\Desktop\数据可视化\apache-tomcat-10.0.16\webapps\manager]的部署已在[527]毫秒内完成
14-Jun-2022 23:55:07.877 信息 [main] org.apache.catalina.startup.HostConfig.deployDirectory 把web 应用程序部署到目录 [C:\Users\Doctor Jiang\Desktop\数据可视化\apache-tomcat-10.0.16\webapps\ROOT]
14-Jun-2022 23:55:08.199 信息 [main] org.apache.jasper.servlet.TldScanner.scanJars 至少有一个JAR被扫描用于TLD但尚未包含TLD。 为此记录器启用调试日志记录，以获取已扫描但未在其中找到TLD的完整JAR列表。 在扫描期间跳过不需要的JAR可以缩短启动时间和JSP编译时间。
14-Jun-2022 23:55:08.220 信息 [main] org.apache.catalina.startup.HostConfig.deployDirectory Web应用程序目录[C:\Users\Doctor Jiang\Desktop\数据可视化\apache-tomcat-10.0.16\webapps\ROOT]的部署已在[343]毫秒内完成
14-Jun-2022 23:55:08.226 信息 [main] org.apache.coyote.AbstractProtocol.start 开始协议处理句柄["http-nio-8080"]
14-Jun-2022 23:55:08.287 信息 [main] org.apache.catalina.startup.Catalina.start [6752]毫秒后服务器启动
