20-Apr-2022 00:19:40.842 信息 [main] org.apache.catalina.core.ApplicationContext.log ContextListener: contextInitialized()
20-Apr-2022 00:19:40.850 信息 [main] org.apache.catalina.core.ApplicationContext.log SessionListener: contextInitialized()
20-Apr-2022 00:19:40.862 信息 [main] org.apache.catalina.core.ApplicationContext.log ContextListener: attributeAdded('StockTicker', 'async.Stockticker@2f19f2aa')
20-Apr-2022 00:36:17.245 信息 [main] org.apache.catalina.core.ApplicationContext.log ContextListener: contextInitialized()
20-Apr-2022 00:36:17.246 信息 [main] org.apache.catalina.core.ApplicationContext.log SessionListener: contextInitialized()
20-Apr-2022 00:36:17.256 信息 [main] org.apache.catalina.core.ApplicationContext.log ContextListener: attributeAdded('StockTicker', 'async.Stockticker@4943defe')
20-Apr-2022 00:37:25.420 信息 [Thread-2] org.apache.catalina.core.ApplicationContext.log SessionListener: contextDestroyed()
20-Apr-2022 00:37:25.420 信息 [Thread-2] org.apache.catalina.core.ApplicationContext.log ContextListener: contextDestroyed()
20-Apr-2022 00:37:33.023 信息 [main] org.apache.catalina.core.ApplicationContext.log ContextListener: contextInitialized()
20-Apr-2022 00:37:33.024 信息 [main] org.apache.catalina.core.ApplicationContext.log SessionListener: contextInitialized()
20-Apr-2022 00:37:33.033 信息 [main] org.apache.catalina.core.ApplicationContext.log ContextListener: attributeAdded('StockTicker', 'async.Stockticker@6a078481')
20-Apr-2022 00:54:26.685 信息 [main] org.apache.catalina.core.ApplicationContext.log ContextListener: contextInitialized()
20-Apr-2022 00:54:26.688 信息 [main] org.apache.catalina.core.ApplicationContext.log SessionListener: contextInitialized()
20-Apr-2022 00:54:26.700 信息 [main] org.apache.catalina.core.ApplicationContext.log ContextListener: attributeAdded('StockTicker', 'async.Stockticker@78d50a3c')
20-Apr-2022 01:01:55.810 信息 [main] org.apache.catalina.core.ApplicationContext.log ContextListener: contextInitialized()
20-Apr-2022 01:01:55.811 信息 [main] org.apache.catalina.core.ApplicationContext.log SessionListener: contextInitialized()
20-Apr-2022 01:01:55.819 信息 [main] org.apache.catalina.core.ApplicationContext.log ContextListener: attributeAdded('StockTicker', 'async.Stockticker@6a078481')
20-Apr-2022 01:02:55.853 信息 [main] org.apache.catalina.core.ApplicationContext.log ContextListener: contextInitialized()
20-Apr-2022 01:02:55.853 信息 [main] org.apache.catalina.core.ApplicationContext.log SessionListener: contextInitialized()
20-Apr-2022 01:02:55.859 信息 [main] org.apache.catalina.core.ApplicationContext.log ContextListener: attributeAdded('StockTicker', 'async.Stockticker@1929425f')
20-Apr-2022 01:26:40.697 信息 [main] org.apache.catalina.core.ApplicationContext.log ContextListener: contextInitialized()
20-Apr-2022 01:26:40.702 信息 [main] org.apache.catalina.core.ApplicationContext.log SessionListener: contextInitialized()
20-Apr-2022 01:26:40.712 信息 [main] org.apache.catalina.core.ApplicationContext.log ContextListener: attributeAdded('StockTicker', 'async.Stockticker@78d50a3c')
20-Apr-2022 01:32:17.582 信息 [main] org.apache.catalina.core.ApplicationContext.log ContextListener: contextInitialized()
20-Apr-2022 01:32:17.583 信息 [main] org.apache.catalina.core.ApplicationContext.log SessionListener: contextInitialized()
20-Apr-2022 01:32:17.594 信息 [main] org.apache.catalina.core.ApplicationContext.log ContextListener: attributeAdded('StockTicker', 'async.Stockticker@5eefa415')
20-Apr-2022 01:32:55.375 信息 [main] org.apache.catalina.core.ApplicationContext.log ContextListener: contextInitialized()
20-Apr-2022 01:32:55.375 信息 [main] org.apache.catalina.core.ApplicationContext.log SessionListener: contextInitialized()
20-Apr-2022 01:32:55.383 信息 [main] org.apache.catalina.core.ApplicationContext.log ContextListener: attributeAdded('StockTicker', 'async.Stockticker@181d7f28')
20-Apr-2022 01:36:20.267 信息 [main] org.apache.catalina.core.ApplicationContext.log ContextListener: contextInitialized()
20-Apr-2022 01:36:20.271 信息 [main] org.apache.catalina.core.ApplicationContext.log SessionListener: contextInitialized()
20-Apr-2022 01:36:20.278 信息 [main] org.apache.catalina.core.ApplicationContext.log ContextListener: attributeAdded('StockTicker', 'async.Stockticker@5eefa415')
20-Apr-2022 01:38:17.007 信息 [main] org.apache.catalina.core.ApplicationContext.log ContextListener: contextInitialized()
20-Apr-2022 01:38:17.008 信息 [main] org.apache.catalina.core.ApplicationContext.log SessionListener: contextInitialized()
20-Apr-2022 01:38:17.017 信息 [main] org.apache.catalina.core.ApplicationContext.log ContextListener: attributeAdded('StockTicker', 'async.Stockticker@4943defe')
20-Apr-2022 01:41:14.203 信息 [main] org.apache.catalina.core.ApplicationContext.log ContextListener: contextInitialized()
20-Apr-2022 01:41:14.203 信息 [main] org.apache.catalina.core.ApplicationContext.log SessionListener: contextInitialized()
20-Apr-2022 01:41:14.209 信息 [main] org.apache.catalina.core.ApplicationContext.log ContextListener: attributeAdded('StockTicker', 'async.Stockticker@5eefa415')
20-Apr-2022 01:42:21.088 信息 [main] org.apache.catalina.core.ApplicationContext.log ContextListener: contextInitialized()
20-Apr-2022 01:42:21.088 信息 [main] org.apache.catalina.core.ApplicationContext.log SessionListener: contextInitialized()
20-Apr-2022 01:42:21.112 信息 [main] org.apache.catalina.core.ApplicationContext.log ContextListener: attributeAdded('StockTicker', 'async.Stockticker@5eefa415')
20-Apr-2022 01:44:31.667 信息 [main] org.apache.catalina.core.ApplicationContext.log ContextListener: contextInitialized()
20-Apr-2022 01:44:31.668 信息 [main] org.apache.catalina.core.ApplicationContext.log SessionListener: contextInitialized()
20-Apr-2022 01:44:31.676 信息 [main] org.apache.catalina.core.ApplicationContext.log ContextListener: attributeAdded('StockTicker', 'async.Stockticker@5eefa415')
20-Apr-2022 01:46:03.930 信息 [main] org.apache.catalina.core.ApplicationContext.log ContextListener: contextInitialized()
20-Apr-2022 01:46:03.931 信息 [main] org.apache.catalina.core.ApplicationContext.log SessionListener: contextInitialized()
20-Apr-2022 01:46:03.944 信息 [main] org.apache.catalina.core.ApplicationContext.log ContextListener: attributeAdded('StockTicker', 'async.Stockticker@2d691f3d')
20-Apr-2022 01:48:59.599 信息 [main] org.apache.catalina.core.ApplicationContext.log ContextListener: contextInitialized()
20-Apr-2022 01:48:59.600 信息 [main] org.apache.catalina.core.ApplicationContext.log SessionListener: contextInitialized()
20-Apr-2022 01:48:59.608 信息 [main] org.apache.catalina.core.ApplicationContext.log ContextListener: attributeAdded('StockTicker', 'async.Stockticker@5eefa415')
20-Apr-2022 01:52:25.157 信息 [main] org.apache.catalina.core.ApplicationContext.log ContextListener: contextInitialized()
20-Apr-2022 01:52:25.158 信息 [main] org.apache.catalina.core.ApplicationContext.log SessionListener: contextInitialized()
20-Apr-2022 01:52:25.169 信息 [main] org.apache.catalina.core.ApplicationContext.log ContextListener: attributeAdded('StockTicker', 'async.Stockticker@2f19f2aa')
20-Apr-2022 02:11:50.158 信息 [main] org.apache.catalina.core.ApplicationContext.log ContextListener: contextInitialized()
20-Apr-2022 02:11:50.160 信息 [main] org.apache.catalina.core.ApplicationContext.log SessionListener: contextInitialized()
20-Apr-2022 02:11:50.170 信息 [main] org.apache.catalina.core.ApplicationContext.log ContextListener: attributeAdded('StockTicker', 'async.Stockticker@2d691f3d')
20-Apr-2022 02:13:00.935 信息 [main] org.apache.catalina.core.ApplicationContext.log ContextListener: contextInitialized()
20-Apr-2022 02:13:00.938 信息 [main] org.apache.catalina.core.ApplicationContext.log SessionListener: contextInitialized()
20-Apr-2022 02:13:00.944 信息 [main] org.apache.catalina.core.ApplicationContext.log ContextListener: attributeAdded('StockTicker', 'async.Stockticker@7f4d9395')
20-Apr-2022 02:14:44.098 信息 [main] org.apache.catalina.core.ApplicationContext.log ContextListener: contextInitialized()
20-Apr-2022 02:14:44.100 信息 [main] org.apache.catalina.core.ApplicationContext.log SessionListener: contextInitialized()
20-Apr-2022 02:14:44.109 信息 [main] org.apache.catalina.core.ApplicationContext.log ContextListener: attributeAdded('StockTicker', 'async.Stockticker@5eefa415')
20-Apr-2022 02:21:27.505 信息 [main] org.apache.catalina.core.ApplicationContext.log ContextListener: contextInitialized()
20-Apr-2022 02:21:27.512 信息 [main] org.apache.catalina.core.ApplicationContext.log SessionListener: contextInitialized()
20-Apr-2022 02:21:27.518 信息 [main] org.apache.catalina.core.ApplicationContext.log ContextListener: attributeAdded('StockTicker', 'async.Stockticker@344b8190')
20-Apr-2022 02:32:41.070 信息 [main] org.apache.catalina.core.ApplicationContext.log ContextListener: contextInitialized()
20-Apr-2022 02:32:41.070 信息 [main] org.apache.catalina.core.ApplicationContext.log SessionListener: contextInitialized()
20-Apr-2022 02:32:41.077 信息 [main] org.apache.catalina.core.ApplicationContext.log ContextListener: attributeAdded('StockTicker', 'async.Stockticker@2fb69ff6')
20-Apr-2022 02:33:55.655 信息 [main] org.apache.catalina.core.ApplicationContext.log ContextListener: contextInitialized()
20-Apr-2022 02:33:55.661 信息 [main] org.apache.catalina.core.ApplicationContext.log SessionListener: contextInitialized()
20-Apr-2022 02:33:55.684 信息 [main] org.apache.catalina.core.ApplicationContext.log ContextListener: attributeAdded('StockTicker', 'async.Stockticker@4943defe')
20-Apr-2022 02:58:17.247 信息 [main] org.apache.catalina.core.ApplicationContext.log ContextListener: contextInitialized()
20-Apr-2022 02:58:17.249 信息 [main] org.apache.catalina.core.ApplicationContext.log SessionListener: contextInitialized()
20-Apr-2022 02:58:17.255 信息 [main] org.apache.catalina.core.ApplicationContext.log ContextListener: attributeAdded('StockTicker', 'async.Stockticker@2fb69ff6')
20-Apr-2022 09:35:09.993 信息 [main] org.apache.catalina.core.ApplicationContext.log ContextListener: contextInitialized()
20-Apr-2022 09:35:09.993 信息 [main] org.apache.catalina.core.ApplicationContext.log SessionListener: contextInitialized()
20-Apr-2022 09:35:09.993 信息 [main] org.apache.catalina.core.ApplicationContext.log ContextListener: attributeAdded('StockTicker', 'async.Stockticker@4943defe')
20-Apr-2022 09:36:24.542 信息 [main] org.apache.catalina.core.ApplicationContext.log ContextListener: contextInitialized()
20-Apr-2022 09:36:24.542 信息 [main] org.apache.catalina.core.ApplicationContext.log SessionListener: contextInitialized()
20-Apr-2022 09:36:24.542 信息 [main] org.apache.catalina.core.ApplicationContext.log ContextListener: attributeAdded('StockTicker', 'async.Stockticker@1bdbf9be')
20-Apr-2022 09:37:36.759 信息 [main] org.apache.catalina.core.ApplicationContext.log ContextListener: contextInitialized()
20-Apr-2022 09:37:36.759 信息 [main] org.apache.catalina.core.ApplicationContext.log SessionListener: contextInitialized()
20-Apr-2022 09:37:36.766 信息 [main] org.apache.catalina.core.ApplicationContext.log ContextListener: attributeAdded('StockTicker', 'async.Stockticker@2f19f2aa')
20-Apr-2022 09:38:03.145 信息 [main] org.apache.catalina.core.ApplicationContext.log ContextListener: contextInitialized()
20-Apr-2022 09:38:03.145 信息 [main] org.apache.catalina.core.ApplicationContext.log SessionListener: contextInitialized()
20-Apr-2022 09:38:03.145 信息 [main] org.apache.catalina.core.ApplicationContext.log ContextListener: attributeAdded('StockTicker', 'async.Stockticker@344b8190')
20-Apr-2022 09:41:55.885 信息 [main] org.apache.catalina.core.ApplicationContext.log ContextListener: contextInitialized()
20-Apr-2022 09:41:55.901 信息 [main] org.apache.catalina.core.ApplicationContext.log SessionListener: contextInitialized()
20-Apr-2022 09:41:55.917 信息 [main] org.apache.catalina.core.ApplicationContext.log ContextListener: attributeAdded('StockTicker', 'async.Stockticker@79c5636f')
20-Apr-2022 09:43:09.660 信息 [main] org.apache.catalina.core.ApplicationContext.log ContextListener: contextInitialized()
20-Apr-2022 09:43:09.661 信息 [main] org.apache.catalina.core.ApplicationContext.log SessionListener: contextInitialized()
20-Apr-2022 09:43:09.671 信息 [main] org.apache.catalina.core.ApplicationContext.log ContextListener: attributeAdded('StockTicker', 'async.Stockticker@1929425f')
20-Apr-2022 09:49:02.001 信息 [main] org.apache.catalina.core.ApplicationContext.log ContextListener: contextInitialized()
20-Apr-2022 09:49:02.001 信息 [main] org.apache.catalina.core.ApplicationContext.log SessionListener: contextInitialized()
20-Apr-2022 09:49:02.001 信息 [main] org.apache.catalina.core.ApplicationContext.log ContextListener: attributeAdded('StockTicker', 'async.Stockticker@1929425f')
20-Apr-2022 10:23:04.899 信息 [main] org.apache.catalina.core.ApplicationContext.log ContextListener: contextInitialized()
20-Apr-2022 10:23:04.899 信息 [main] org.apache.catalina.core.ApplicationContext.log SessionListener: contextInitialized()
20-Apr-2022 10:23:04.899 信息 [main] org.apache.catalina.core.ApplicationContext.log ContextListener: attributeAdded('StockTicker', 'async.Stockticker@344b8190')
20-Apr-2022 10:26:14.764 信息 [main] org.apache.catalina.core.ApplicationContext.log ContextListener: contextInitialized()
20-Apr-2022 10:26:14.764 信息 [main] org.apache.catalina.core.ApplicationContext.log SessionListener: contextInitialized()
20-Apr-2022 10:26:14.777 信息 [main] org.apache.catalina.core.ApplicationContext.log ContextListener: attributeAdded('StockTicker', 'async.Stockticker@344b8190')
20-Apr-2022 10:49:12.858 信息 [main] org.apache.catalina.core.ApplicationContext.log ContextListener: contextInitialized()
20-Apr-2022 10:49:12.858 信息 [main] org.apache.catalina.core.ApplicationContext.log SessionListener: contextInitialized()
20-Apr-2022 10:49:12.874 信息 [main] org.apache.catalina.core.ApplicationContext.log ContextListener: attributeAdded('StockTicker', 'async.Stockticker@5eefa415')
20-Apr-2022 11:01:31.084 信息 [main] org.apache.catalina.core.ApplicationContext.log ContextListener: contextInitialized()
20-Apr-2022 11:01:31.084 信息 [main] org.apache.catalina.core.ApplicationContext.log SessionListener: contextInitialized()
20-Apr-2022 11:01:31.084 信息 [main] org.apache.catalina.core.ApplicationContext.log ContextListener: attributeAdded('StockTicker', 'async.Stockticker@344b8190')
20-Apr-2022 11:02:59.257 信息 [main] org.apache.catalina.core.ApplicationContext.log ContextListener: contextInitialized()
20-Apr-2022 11:02:59.257 信息 [main] org.apache.catalina.core.ApplicationContext.log SessionListener: contextInitialized()
20-Apr-2022 11:02:59.272 信息 [main] org.apache.catalina.core.ApplicationContext.log ContextListener: attributeAdded('StockTicker', 'async.Stockticker@79c5636f')
20-Apr-2022 11:08:07.318 信息 [main] org.apache.catalina.core.ApplicationContext.log ContextListener: contextInitialized()
20-Apr-2022 11:08:07.318 信息 [main] org.apache.catalina.core.ApplicationContext.log SessionListener: contextInitialized()
20-Apr-2022 11:08:07.318 信息 [main] org.apache.catalina.core.ApplicationContext.log ContextListener: attributeAdded('StockTicker', 'async.Stockticker@5eefa415')
20-Apr-2022 11:17:28.369 信息 [main] org.apache.catalina.core.ApplicationContext.log ContextListener: contextInitialized()
20-Apr-2022 11:17:28.369 信息 [main] org.apache.catalina.core.ApplicationContext.log SessionListener: contextInitialized()
20-Apr-2022 11:17:28.385 信息 [main] org.apache.catalina.core.ApplicationContext.log ContextListener: attributeAdded('StockTicker', 'async.Stockticker@344b8190')
20-Apr-2022 11:23:12.071 信息 [main] org.apache.catalina.core.ApplicationContext.log ContextListener: contextInitialized()
20-Apr-2022 11:23:12.071 信息 [main] org.apache.catalina.core.ApplicationContext.log SessionListener: contextInitialized()
20-Apr-2022 11:23:12.071 信息 [main] org.apache.catalina.core.ApplicationContext.log ContextListener: attributeAdded('StockTicker', 'async.Stockticker@1e7f2e0f')
20-Apr-2022 11:28:50.824 信息 [main] org.apache.catalina.core.ApplicationContext.log ContextListener: contextInitialized()
20-Apr-2022 11:28:50.824 信息 [main] org.apache.catalina.core.ApplicationContext.log SessionListener: contextInitialized()
20-Apr-2022 11:28:50.824 信息 [main] org.apache.catalina.core.ApplicationContext.log ContextListener: attributeAdded('StockTicker', 'async.Stockticker@5eefa415')
20-Apr-2022 11:38:06.683 信息 [main] org.apache.catalina.core.ApplicationContext.log ContextListener: contextInitialized()
20-Apr-2022 11:38:06.683 信息 [main] org.apache.catalina.core.ApplicationContext.log SessionListener: contextInitialized()
20-Apr-2022 11:38:06.698 信息 [main] org.apache.catalina.core.ApplicationContext.log ContextListener: attributeAdded('StockTicker', 'async.Stockticker@7f4d9395')
20-Apr-2022 11:44:15.339 信息 [main] org.apache.catalina.core.ApplicationContext.log ContextListener: contextInitialized()
20-Apr-2022 11:44:15.339 信息 [main] org.apache.catalina.core.ApplicationContext.log SessionListener: contextInitialized()
20-Apr-2022 11:44:15.339 信息 [main] org.apache.catalina.core.ApplicationContext.log ContextListener: attributeAdded('StockTicker', 'async.Stockticker@5eefa415')
20-Apr-2022 11:47:08.356 信息 [main] org.apache.catalina.core.ApplicationContext.log ContextListener: contextInitialized()
20-Apr-2022 11:47:08.356 信息 [main] org.apache.catalina.core.ApplicationContext.log SessionListener: contextInitialized()
20-Apr-2022 11:47:08.372 信息 [main] org.apache.catalina.core.ApplicationContext.log ContextListener: attributeAdded('StockTicker', 'async.Stockticker@7f4d9395')
20-Apr-2022 12:36:28.667 信息 [main] org.apache.catalina.core.ApplicationContext.log ContextListener: contextInitialized()
20-Apr-2022 12:36:28.667 信息 [main] org.apache.catalina.core.ApplicationContext.log SessionListener: contextInitialized()
20-Apr-2022 12:36:28.683 信息 [main] org.apache.catalina.core.ApplicationContext.log ContextListener: attributeAdded('StockTicker', 'async.Stockticker@5eefa415')
20-Apr-2022 12:37:20.515 信息 [main] org.apache.catalina.core.ApplicationContext.log ContextListener: contextInitialized()
20-Apr-2022 12:37:20.515 信息 [main] org.apache.catalina.core.ApplicationContext.log SessionListener: contextInitialized()
20-Apr-2022 12:37:20.531 信息 [main] org.apache.catalina.core.ApplicationContext.log ContextListener: attributeAdded('StockTicker', 'async.Stockticker@6a078481')
20-Apr-2022 12:43:47.700 信息 [main] org.apache.catalina.core.ApplicationContext.log ContextListener: contextInitialized()
20-Apr-2022 12:43:47.700 信息 [main] org.apache.catalina.core.ApplicationContext.log SessionListener: contextInitialized()
20-Apr-2022 12:43:47.709 信息 [main] org.apache.catalina.core.ApplicationContext.log ContextListener: attributeAdded('StockTicker', 'async.Stockticker@344b8190')
20-Apr-2022 12:52:52.015 信息 [main] org.apache.catalina.core.ApplicationContext.log ContextListener: contextInitialized()
20-Apr-2022 12:52:52.031 信息 [main] org.apache.catalina.core.ApplicationContext.log SessionListener: contextInitialized()
20-Apr-2022 12:52:52.031 信息 [main] org.apache.catalina.core.ApplicationContext.log ContextListener: attributeAdded('StockTicker', 'async.Stockticker@6a078481')
20-Apr-2022 12:54:14.804 信息 [main] org.apache.catalina.core.ApplicationContext.log ContextListener: contextInitialized()
20-Apr-2022 12:54:14.804 信息 [main] org.apache.catalina.core.ApplicationContext.log SessionListener: contextInitialized()
20-Apr-2022 12:54:14.804 信息 [main] org.apache.catalina.core.ApplicationContext.log ContextListener: attributeAdded('StockTicker', 'async.Stockticker@79c5636f')
20-Apr-2022 12:55:17.184 信息 [main] org.apache.catalina.core.ApplicationContext.log ContextListener: contextInitialized()
20-Apr-2022 12:55:17.184 信息 [main] org.apache.catalina.core.ApplicationContext.log SessionListener: contextInitialized()
20-Apr-2022 12:55:17.200 信息 [main] org.apache.catalina.core.ApplicationContext.log ContextListener: attributeAdded('StockTicker', 'async.Stockticker@6a078481')
20-Apr-2022 12:59:18.517 信息 [main] org.apache.catalina.core.ApplicationContext.log ContextListener: contextInitialized()
20-Apr-2022 12:59:18.517 信息 [main] org.apache.catalina.core.ApplicationContext.log SessionListener: contextInitialized()
20-Apr-2022 12:59:18.524 信息 [main] org.apache.catalina.core.ApplicationContext.log ContextListener: attributeAdded('StockTicker', 'async.Stockticker@5eefa415')
20-Apr-2022 13:01:59.670 信息 [main] org.apache.catalina.core.ApplicationContext.log ContextListener: contextInitialized()
20-Apr-2022 13:01:59.686 信息 [main] org.apache.catalina.core.ApplicationContext.log SessionListener: contextInitialized()
20-Apr-2022 13:01:59.686 信息 [main] org.apache.catalina.core.ApplicationContext.log ContextListener: attributeAdded('StockTicker', 'async.Stockticker@344b8190')
20-Apr-2022 13:13:42.984 信息 [main] org.apache.catalina.core.ApplicationContext.log ContextListener: contextInitialized()
20-Apr-2022 13:13:42.984 信息 [main] org.apache.catalina.core.ApplicationContext.log SessionListener: contextInitialized()
20-Apr-2022 13:13:42.984 信息 [main] org.apache.catalina.core.ApplicationContext.log ContextListener: attributeAdded('StockTicker', 'async.Stockticker@1929425f')
20-Apr-2022 13:19:11.978 信息 [main] org.apache.catalina.core.ApplicationContext.log ContextListener: contextInitialized()
20-Apr-2022 13:19:11.979 信息 [main] org.apache.catalina.core.ApplicationContext.log SessionListener: contextInitialized()
20-Apr-2022 13:19:11.988 信息 [main] org.apache.catalina.core.ApplicationContext.log ContextListener: attributeAdded('StockTicker', 'async.Stockticker@79c5636f')
20-Apr-2022 13:24:12.218 信息 [main] org.apache.catalina.core.ApplicationContext.log ContextListener: contextInitialized()
20-Apr-2022 13:24:12.218 信息 [main] org.apache.catalina.core.ApplicationContext.log SessionListener: contextInitialized()
20-Apr-2022 13:24:12.232 信息 [main] org.apache.catalina.core.ApplicationContext.log ContextListener: attributeAdded('StockTicker', 'async.Stockticker@2f19f2aa')
20-Apr-2022 16:28:52.541 信息 [main] org.apache.catalina.core.ApplicationContext.log ContextListener: contextInitialized()
20-Apr-2022 16:28:52.548 信息 [main] org.apache.catalina.core.ApplicationContext.log SessionListener: contextInitialized()
20-Apr-2022 16:28:52.554 信息 [main] org.apache.catalina.core.ApplicationContext.log ContextListener: attributeAdded('StockTicker', 'async.Stockticker@344b8190')
20-Apr-2022 16:30:08.557 信息 [main] org.apache.catalina.core.ApplicationContext.log ContextListener: contextInitialized()
20-Apr-2022 16:30:08.558 信息 [main] org.apache.catalina.core.ApplicationContext.log SessionListener: contextInitialized()
20-Apr-2022 16:30:08.567 信息 [main] org.apache.catalina.core.ApplicationContext.log ContextListener: attributeAdded('StockTicker', 'async.Stockticker@6a078481')
20-Apr-2022 16:37:53.567 信息 [main] org.apache.catalina.core.ApplicationContext.log ContextListener: contextInitialized()
20-Apr-2022 16:37:53.567 信息 [main] org.apache.catalina.core.ApplicationContext.log SessionListener: contextInitialized()
20-Apr-2022 16:37:53.567 信息 [main] org.apache.catalina.core.ApplicationContext.log ContextListener: attributeAdded('StockTicker', 'async.Stockticker@6a078481')
20-Apr-2022 16:40:11.143 信息 [main] org.apache.catalina.core.ApplicationContext.log ContextListener: contextInitialized()
20-Apr-2022 16:40:11.143 信息 [main] org.apache.catalina.core.ApplicationContext.log SessionListener: contextInitialized()
20-Apr-2022 16:40:11.149 信息 [main] org.apache.catalina.core.ApplicationContext.log ContextListener: attributeAdded('StockTicker', 'async.Stockticker@79c5636f')
20-Apr-2022 16:48:24.509 信息 [main] org.apache.catalina.core.ApplicationContext.log ContextListener: contextInitialized()
20-Apr-2022 16:48:24.510 信息 [main] org.apache.catalina.core.ApplicationContext.log SessionListener: contextInitialized()
20-Apr-2022 16:48:24.518 信息 [main] org.apache.catalina.core.ApplicationContext.log ContextListener: attributeAdded('StockTicker', 'async.Stockticker@cda4919')
20-Apr-2022 16:53:22.963 信息 [main] org.apache.catalina.core.ApplicationContext.log ContextListener: contextInitialized()
20-Apr-2022 16:53:22.970 信息 [main] org.apache.catalina.core.ApplicationContext.log SessionListener: contextInitialized()
20-Apr-2022 16:53:22.973 信息 [main] org.apache.catalina.core.ApplicationContext.log ContextListener: attributeAdded('StockTicker', 'async.Stockticker@6a078481')
20-Apr-2022 16:56:22.190 信息 [main] org.apache.catalina.core.ApplicationContext.log ContextListener: contextInitialized()
20-Apr-2022 16:56:22.190 信息 [main] org.apache.catalina.core.ApplicationContext.log SessionListener: contextInitialized()
20-Apr-2022 16:56:22.205 信息 [main] org.apache.catalina.core.ApplicationContext.log ContextListener: attributeAdded('StockTicker', 'async.Stockticker@344b8190')
20-Apr-2022 17:04:10.850 信息 [main] org.apache.catalina.core.ApplicationContext.log ContextListener: contextInitialized()
20-Apr-2022 17:04:10.850 信息 [main] org.apache.catalina.core.ApplicationContext.log SessionListener: contextInitialized()
20-Apr-2022 17:04:10.850 信息 [main] org.apache.catalina.core.ApplicationContext.log ContextListener: attributeAdded('StockTicker', 'async.Stockticker@344b8190')
20-Apr-2022 17:05:19.306 信息 [main] org.apache.catalina.core.ApplicationContext.log ContextListener: contextInitialized()
20-Apr-2022 17:05:19.307 信息 [main] org.apache.catalina.core.ApplicationContext.log SessionListener: contextInitialized()
20-Apr-2022 17:05:19.312 信息 [main] org.apache.catalina.core.ApplicationContext.log ContextListener: attributeAdded('StockTicker', 'async.Stockticker@6a078481')
20-Apr-2022 17:09:13.576 信息 [main] org.apache.catalina.core.ApplicationContext.log ContextListener: contextInitialized()
20-Apr-2022 17:09:13.576 信息 [main] org.apache.catalina.core.ApplicationContext.log SessionListener: contextInitialized()
20-Apr-2022 17:09:13.576 信息 [main] org.apache.catalina.core.ApplicationContext.log ContextListener: attributeAdded('StockTicker', 'async.Stockticker@7f4d9395')
20-Apr-2022 17:11:39.914 信息 [main] org.apache.catalina.core.ApplicationContext.log ContextListener: contextInitialized()
20-Apr-2022 17:11:39.914 信息 [main] org.apache.catalina.core.ApplicationContext.log SessionListener: contextInitialized()
20-Apr-2022 17:11:39.930 信息 [main] org.apache.catalina.core.ApplicationContext.log ContextListener: attributeAdded('StockTicker', 'async.Stockticker@344b8190')
20-Apr-2022 17:14:04.977 信息 [main] org.apache.catalina.core.ApplicationContext.log ContextListener: contextInitialized()
20-Apr-2022 17:14:04.993 信息 [main] org.apache.catalina.core.ApplicationContext.log SessionListener: contextInitialized()
20-Apr-2022 17:14:04.993 信息 [main] org.apache.catalina.core.ApplicationContext.log ContextListener: attributeAdded('StockTicker', 'async.Stockticker@344b8190')
20-Apr-2022 17:14:59.704 信息 [main] org.apache.catalina.core.ApplicationContext.log ContextListener: contextInitialized()
20-Apr-2022 17:14:59.704 信息 [main] org.apache.catalina.core.ApplicationContext.log SessionListener: contextInitialized()
20-Apr-2022 17:14:59.719 信息 [main] org.apache.catalina.core.ApplicationContext.log ContextListener: attributeAdded('StockTicker', 'async.Stockticker@79c5636f')
20-Apr-2022 17:15:39.889 信息 [main] org.apache.catalina.core.ApplicationContext.log ContextListener: contextInitialized()
20-Apr-2022 17:15:39.889 信息 [main] org.apache.catalina.core.ApplicationContext.log SessionListener: contextInitialized()
20-Apr-2022 17:15:39.889 信息 [main] org.apache.catalina.core.ApplicationContext.log ContextListener: attributeAdded('StockTicker', 'async.Stockticker@6a078481')
20-Apr-2022 17:16:14.497 信息 [main] org.apache.catalina.core.ApplicationContext.log ContextListener: contextInitialized()
20-Apr-2022 17:16:14.497 信息 [main] org.apache.catalina.core.ApplicationContext.log SessionListener: contextInitialized()
20-Apr-2022 17:16:14.513 信息 [main] org.apache.catalina.core.ApplicationContext.log ContextListener: attributeAdded('StockTicker', 'async.Stockticker@7f4d9395')
20-Apr-2022 20:55:27.008 信息 [main] org.apache.catalina.core.ApplicationContext.log ContextListener: contextInitialized()
20-Apr-2022 20:55:27.014 信息 [main] org.apache.catalina.core.ApplicationContext.log SessionListener: contextInitialized()
20-Apr-2022 20:55:27.026 信息 [main] org.apache.catalina.core.ApplicationContext.log ContextListener: attributeAdded('StockTicker', 'async.Stockticker@5eefa415')
20-Apr-2022 21:55:35.573 信息 [main] org.apache.catalina.core.ApplicationContext.log ContextListener: contextInitialized()
20-Apr-2022 21:55:35.574 信息 [main] org.apache.catalina.core.ApplicationContext.log SessionListener: contextInitialized()
20-Apr-2022 21:55:35.580 信息 [main] org.apache.catalina.core.ApplicationContext.log ContextListener: attributeAdded('StockTicker', 'async.Stockticker@5eefa415')
20-Apr-2022 22:05:47.154 信息 [main] org.apache.catalina.core.ApplicationContext.log ContextListener: contextInitialized()
20-Apr-2022 22:05:47.155 信息 [main] org.apache.catalina.core.ApplicationContext.log SessionListener: contextInitialized()
20-Apr-2022 22:05:47.166 信息 [main] org.apache.catalina.core.ApplicationContext.log ContextListener: attributeAdded('StockTicker', 'async.Stockticker@6a078481')
20-Apr-2022 22:07:43.075 信息 [main] org.apache.catalina.core.ApplicationContext.log ContextListener: contextInitialized()
20-Apr-2022 22:07:43.075 信息 [main] org.apache.catalina.core.ApplicationContext.log SessionListener: contextInitialized()
20-Apr-2022 22:07:43.082 信息 [main] org.apache.catalina.core.ApplicationContext.log ContextListener: attributeAdded('StockTicker', 'async.Stockticker@79c5636f')
20-Apr-2022 22:11:26.940 信息 [main] org.apache.catalina.core.ApplicationContext.log ContextListener: contextInitialized()
20-Apr-2022 22:11:26.941 信息 [main] org.apache.catalina.core.ApplicationContext.log SessionListener: contextInitialized()
20-Apr-2022 22:11:26.951 信息 [main] org.apache.catalina.core.ApplicationContext.log ContextListener: attributeAdded('StockTicker', 'async.Stockticker@cda4919')
20-Apr-2022 22:14:12.004 信息 [Thread-2] org.apache.catalina.core.ApplicationContext.log SessionListener: contextDestroyed()
20-Apr-2022 22:14:12.004 信息 [Thread-2] org.apache.catalina.core.ApplicationContext.log ContextListener: contextDestroyed()
20-Apr-2022 22:14:20.597 信息 [main] org.apache.catalina.core.ApplicationContext.log ContextListener: contextInitialized()
20-Apr-2022 22:14:20.602 信息 [main] org.apache.catalina.core.ApplicationContext.log SessionListener: contextInitialized()
20-Apr-2022 22:14:20.613 信息 [main] org.apache.catalina.core.ApplicationContext.log ContextListener: attributeAdded('StockTicker', 'async.Stockticker@6a078481')
20-Apr-2022 22:16:30.598 信息 [main] org.apache.catalina.core.ApplicationContext.log ContextListener: contextInitialized()
20-Apr-2022 22:16:30.614 信息 [main] org.apache.catalina.core.ApplicationContext.log SessionListener: contextInitialized()
20-Apr-2022 22:16:30.614 信息 [main] org.apache.catalina.core.ApplicationContext.log ContextListener: attributeAdded('StockTicker', 'async.Stockticker@5eefa415')
20-Apr-2022 23:09:48.469 信息 [main] org.apache.catalina.core.ApplicationContext.log ContextListener: contextInitialized()
20-Apr-2022 23:09:48.470 信息 [main] org.apache.catalina.core.ApplicationContext.log SessionListener: contextInitialized()
20-Apr-2022 23:09:48.478 信息 [main] org.apache.catalina.core.ApplicationContext.log ContextListener: attributeAdded('StockTicker', 'async.Stockticker@344b8190')
