02-Jun-2022 07:58:48.383 信息 [main] org.apache.catalina.core.ApplicationContext.log ContextListener: contextInitialized()
02-Jun-2022 07:58:48.393 信息 [main] org.apache.catalina.core.ApplicationContext.log SessionListener: contextInitialized()
02-Jun-2022 07:58:48.401 信息 [main] org.apache.catalina.core.ApplicationContext.log ContextListener: attributeAdded('StockTicker', 'async.Stockticker@4943defe')
02-Jun-2022 08:21:20.313 信息 [main] org.apache.catalina.core.ApplicationContext.log ContextListener: contextInitialized()
02-Jun-2022 08:21:20.322 信息 [main] org.apache.catalina.core.ApplicationContext.log SessionListener: contextInitialized()
02-Jun-2022 08:21:20.330 信息 [main] org.apache.catalina.core.ApplicationContext.log ContextListener: attributeAdded('StockTicker', 'async.Stockticker@79c5636f')
02-Jun-2022 08:28:17.065 信息 [main] org.apache.catalina.core.ApplicationContext.log ContextListener: contextInitialized()
02-Jun-2022 08:28:17.065 信息 [main] org.apache.catalina.core.ApplicationContext.log SessionListener: contextInitialized()
02-Jun-2022 08:28:17.077 信息 [main] org.apache.catalina.core.ApplicationContext.log ContextListener: attributeAdded('StockTicker', 'async.Stockticker@5eefa415')
02-Jun-2022 08:31:20.902 信息 [main] org.apache.catalina.core.ApplicationContext.log ContextListener: contextInitialized()
02-Jun-2022 08:31:20.911 信息 [main] org.apache.catalina.core.ApplicationContext.log SessionListener: contextInitialized()
02-Jun-2022 08:31:20.919 信息 [main] org.apache.catalina.core.ApplicationContext.log ContextListener: attributeAdded('StockTicker', 'async.Stockticker@1929425f')
02-Jun-2022 08:33:26.402 信息 [main] org.apache.catalina.core.ApplicationContext.log ContextListener: contextInitialized()
02-Jun-2022 08:33:26.403 信息 [main] org.apache.catalina.core.ApplicationContext.log SessionListener: contextInitialized()
02-Jun-2022 08:33:26.405 信息 [main] org.apache.catalina.core.ApplicationContext.log ContextListener: attributeAdded('StockTicker', 'async.Stockticker@5eefa415')
02-Jun-2022 08:56:48.624 信息 [main] org.apache.catalina.core.ApplicationContext.log ContextListener: contextInitialized()
02-Jun-2022 08:56:48.637 信息 [main] org.apache.catalina.core.ApplicationContext.log SessionListener: contextInitialized()
02-Jun-2022 08:56:48.651 信息 [main] org.apache.catalina.core.ApplicationContext.log ContextListener: attributeAdded('StockTicker', 'async.Stockticker@5eefa415')
02-Jun-2022 19:14:15.829 信息 [main] org.apache.catalina.core.ApplicationContext.log ContextListener: contextInitialized()
02-Jun-2022 19:14:15.829 信息 [main] org.apache.catalina.core.ApplicationContext.log SessionListener: contextInitialized()
02-Jun-2022 19:14:15.840 信息 [main] org.apache.catalina.core.ApplicationContext.log ContextListener: attributeAdded('StockTicker', 'async.Stockticker@2f19f2aa')
02-Jun-2022 19:39:16.622 信息 [main] org.apache.catalina.core.ApplicationContext.log ContextListener: contextInitialized()
02-Jun-2022 19:39:16.622 信息 [main] org.apache.catalina.core.ApplicationContext.log SessionListener: contextInitialized()
02-Jun-2022 19:39:16.631 信息 [main] org.apache.catalina.core.ApplicationContext.log ContextListener: attributeAdded('StockTicker', 'async.Stockticker@344b8190')
02-Jun-2022 19:40:36.671 信息 [Thread-2] org.apache.catalina.core.ApplicationContext.log SessionListener: contextDestroyed()
02-Jun-2022 19:40:36.671 信息 [Thread-2] org.apache.catalina.core.ApplicationContext.log ContextListener: contextDestroyed()
02-Jun-2022 19:40:44.262 信息 [main] org.apache.catalina.core.ApplicationContext.log ContextListener: contextInitialized()
02-Jun-2022 19:40:44.262 信息 [main] org.apache.catalina.core.ApplicationContext.log SessionListener: contextInitialized()
02-Jun-2022 19:40:44.277 信息 [main] org.apache.catalina.core.ApplicationContext.log ContextListener: attributeAdded('StockTicker', 'async.Stockticker@6a078481')
02-Jun-2022 19:41:02.095 信息 [main] org.apache.catalina.core.ApplicationContext.log SessionListener: contextDestroyed()
02-Jun-2022 19:41:02.095 信息 [main] org.apache.catalina.core.ApplicationContext.log ContextListener: contextDestroyed()
02-Jun-2022 19:41:09.506 信息 [main] org.apache.catalina.core.ApplicationContext.log ContextListener: contextInitialized()
02-Jun-2022 19:41:09.507 信息 [main] org.apache.catalina.core.ApplicationContext.log SessionListener: contextInitialized()
02-Jun-2022 19:41:09.520 信息 [main] org.apache.catalina.core.ApplicationContext.log ContextListener: attributeAdded('StockTicker', 'async.Stockticker@78d50a3c')
