15-Jun-2022 00:38:58.486 信息 [main] org.apache.catalina.core.ApplicationContext.log ContextListener: contextInitialized()
15-Jun-2022 00:38:58.486 信息 [main] org.apache.catalina.core.ApplicationContext.log SessionListener: contextInitialized()
15-Jun-2022 00:38:58.502 信息 [main] org.apache.catalina.core.ApplicationContext.log ContextListener: attributeAdded('StockTicker', 'async.Stockticker@79c5636f')
15-Jun-2022 01:21:59.320 信息 [main] org.apache.catalina.core.ApplicationContext.log ContextListener: contextInitialized()
15-Jun-2022 01:21:59.320 信息 [main] org.apache.catalina.core.ApplicationContext.log SessionListener: contextInitialized()
15-Jun-2022 01:21:59.334 信息 [main] org.apache.catalina.core.ApplicationContext.log ContextListener: attributeAdded('StockTicker', 'async.Stockticker@27f3b6d6')
15-Jun-2022 01:22:01.019 信息 [main] org.apache.catalina.core.ApplicationContext.log SessionListener: contextDestroyed()
15-Jun-2022 01:22:01.019 信息 [main] org.apache.catalina.core.ApplicationContext.log ContextListener: contextDestroyed()
15-Jun-2022 01:22:10.274 信息 [main] org.apache.catalina.core.ApplicationContext.log ContextListener: contextInitialized()
15-Jun-2022 01:22:10.274 信息 [main] org.apache.catalina.core.ApplicationContext.log SessionListener: contextInitialized()
15-Jun-2022 01:22:10.289 信息 [main] org.apache.catalina.core.ApplicationContext.log ContextListener: attributeAdded('StockTicker', 'async.Stockticker@7a9c84a5')
15-Jun-2022 01:22:11.989 信息 [main] org.apache.catalina.core.ApplicationContext.log SessionListener: contextDestroyed()
15-Jun-2022 01:22:11.989 信息 [main] org.apache.catalina.core.ApplicationContext.log ContextListener: contextDestroyed()
15-Jun-2022 01:22:40.655 信息 [main] org.apache.catalina.core.ApplicationContext.log ContextListener: contextInitialized()
15-Jun-2022 01:22:40.655 信息 [main] org.apache.catalina.core.ApplicationContext.log SessionListener: contextInitialized()
15-Jun-2022 01:22:40.671 信息 [main] org.apache.catalina.core.ApplicationContext.log ContextListener: attributeAdded('StockTicker', 'async.Stockticker@5f574cc2')
15-Jun-2022 01:22:42.446 信息 [main] org.apache.catalina.core.ApplicationContext.log SessionListener: contextDestroyed()
15-Jun-2022 01:22:42.446 信息 [main] org.apache.catalina.core.ApplicationContext.log ContextListener: contextDestroyed()
15-Jun-2022 01:23:16.868 信息 [main] org.apache.catalina.core.ApplicationContext.log ContextListener: contextInitialized()
15-Jun-2022 01:23:16.868 信息 [main] org.apache.catalina.core.ApplicationContext.log SessionListener: contextInitialized()
15-Jun-2022 01:23:16.884 信息 [main] org.apache.catalina.core.ApplicationContext.log ContextListener: attributeAdded('StockTicker', 'async.Stockticker@757f675c')
15-Jun-2022 01:23:18.443 信息 [main] org.apache.catalina.core.ApplicationContext.log SessionListener: contextDestroyed()
15-Jun-2022 01:23:18.443 信息 [main] org.apache.catalina.core.ApplicationContext.log ContextListener: contextDestroyed()
15-Jun-2022 01:23:55.376 信息 [main] org.apache.catalina.core.ApplicationContext.log ContextListener: contextInitialized()
15-Jun-2022 01:23:55.376 信息 [main] org.apache.catalina.core.ApplicationContext.log SessionListener: contextInitialized()
15-Jun-2022 01:23:55.376 信息 [main] org.apache.catalina.core.ApplicationContext.log ContextListener: attributeAdded('StockTicker', 'async.Stockticker@6a078481')
15-Jun-2022 07:27:58.309 信息 [main] org.apache.catalina.core.ApplicationContext.log ContextListener: contextInitialized()
15-Jun-2022 07:27:58.325 信息 [main] org.apache.catalina.core.ApplicationContext.log SessionListener: contextInitialized()
15-Jun-2022 07:27:58.354 信息 [main] org.apache.catalina.core.ApplicationContext.log ContextListener: attributeAdded('StockTicker', 'async.Stockticker@344b8190')
15-Jun-2022 11:53:35.285 信息 [main] org.apache.catalina.core.ApplicationContext.log ContextListener: contextInitialized()
15-Jun-2022 11:53:35.285 信息 [main] org.apache.catalina.core.ApplicationContext.log SessionListener: contextInitialized()
15-Jun-2022 11:53:35.285 信息 [main] org.apache.catalina.core.ApplicationContext.log ContextListener: attributeAdded('StockTicker', 'async.Stockticker@2fb69ff6')
15-Jun-2022 23:07:22.560 信息 [main] org.apache.catalina.core.ApplicationContext.log ContextListener: contextInitialized()
15-Jun-2022 23:07:22.562 信息 [main] org.apache.catalina.core.ApplicationContext.log SessionListener: contextInitialized()
15-Jun-2022 23:07:22.578 信息 [main] org.apache.catalina.core.ApplicationContext.log ContextListener: attributeAdded('StockTicker', 'async.Stockticker@181d7f28')
